{
  "stats": {
    "suites": 1,
    "tests": 1,
    "passes": 1,
    "pending": 0,
    "failures": 0,
    "start": "2024-05-09T12:43:26.937Z",
    "end": "2024-05-09T12:43:47.141Z",
    "duration": 20204,
    "testsRegistered": 1,
    "passPercent": 100,
    "pendingPercent": 0,
    "other": 0,
    "hasOther": false,
    "skipped": 0,
    "hasSkipped": false
  },
  "results": [
    {
      "uuid": "969103b6-8ae9-4f6f-a067-3ea0b11c433b",
      "title": "",
      "fullFile": "cypress\\e2e\\Register User.cy.js",
      "file": "cypress\\e2e\\Register User.cy.js",
      "beforeHooks": [],
      "afterHooks": [],
      "tests": [],
      "suites": [
        {
          "uuid": "74779a8d-326b-4f7a-b209-f5080c91af55",
          "title": "Register User",
          "fullFile": "",
          "file": "",
          "beforeHooks": [],
          "afterHooks": [],
          "tests": [
            {
              "title": "Validate Register new user",
              "fullTitle": "Register User Validate Register new user",
              "timedOut": null,
              "duration": 16729,
              "state": "passed",
              "speed": "slow",
              "pass": true,
              "fail": false,
              "pending": false,
              "context": null,
              "code": "cy.goToWebSite();\ncy.goToSignupLogin();\n_LoginPage.default.inputSignUpName(data.name);\n_LoginPage.default.inputSignUpEmailAddress(email);\n_LoginPage.default.clickSignUpButton();\n_AccountInformationPage.default.selectMrTitle();\n_AccountInformationPage.default.inputPassword(data.password);\n_AccountInformationPage.default.checkNewsLetter();\n_AccountInformationPage.default.selectDateBirthday(data.birthday[0], data.birthday[1], data.birthday[2]);\n_AccountInformationPage.default.inputFirstName(data.name);\n_AccountInformationPage.default.inputLastName(data.lastname);\n_AccountInformationPage.default.inputCompany(data.company);\n_AccountInformationPage.default.inputAddress(data.address);\n_AccountInformationPage.default.inputAddress2(data.address2);\n_AccountInformationPage.default.selectCountry(data.country);\n_AccountInformationPage.default.inputState(data.state);\n_AccountInformationPage.default.inputCity(data.city);\n_AccountInformationPage.default.inputZipCode(data.zipCode);\n_AccountInformationPage.default.inputMobileNumber(data.mobileNumber);\n_AccountInformationPage.default.clickCreateAccountButton();\n_ConfirmationPage.default.getAccountCreatedMessage().should(\"have.text\", \"Account Created!\");\ncy.continueButton();\ncy.contains(\"Logged in as \" + data.name); //Verify that the user register is logged\ncy.url().should('eq', 'https://automationexercise.com/');",
              "err": {},
              "uuid": "81d21065-f3e0-40d2-be48-469b48714ffa",
              "parentUUID": "74779a8d-326b-4f7a-b209-f5080c91af55",
              "isHook": false,
              "skipped": false
            }
          ],
          "suites": [],
          "passes": [
            "81d21065-f3e0-40d2-be48-469b48714ffa"
          ],
          "failures": [],
          "pending": [],
          "skipped": [],
          "duration": 16729,
          "root": false,
          "rootEmpty": false,
          "_timeout": 2000
        }
      ],
      "passes": [],
      "failures": [],
      "pending": [],
      "skipped": [],
      "duration": 0,
      "root": true,
      "rootEmpty": true,
      "_timeout": 2000
    }
  ],
  "meta": {
    "mocha": {
      "version": "7.0.1"
    },
    "mochawesome": {
      "options": {
        "quiet": false,
        "reportFilename": "mochawesome",
        "saveHtml": false,
        "saveJson": true,
        "consoleReporter": "spec",
        "useInlineDiffs": false,
        "code": true
      },
      "version": "7.1.3"
    },
    "marge": {
      "options": {
        "id": "default",
        "reportDir": "cypress/reports/mocha",
        "quite": true,
        "overwrite": false,
        "html": false,
        "json": true
      },
      "version": "6.2.0"
    }
  }
}