{
  "stats": {
    "suites": 1,
    "tests": 1,
    "passes": 1,
    "pending": 0,
    "failures": 0,
    "start": "2024-05-09T12:43:09.372Z",
    "end": "2024-05-09T12:43:21.329Z",
    "duration": 11957,
    "testsRegistered": 1,
    "passPercent": 100,
    "pendingPercent": 0,
    "other": 0,
    "hasOther": false,
    "skipped": 0,
    "hasSkipped": false
  },
  "results": [
    {
      "uuid": "ece59f05-ad28-4cf4-a220-fa9cd38a510c",
      "title": "",
      "fullFile": "cypress\\e2e\\Login User.cy.js",
      "file": "cypress\\e2e\\Login User.cy.js",
      "beforeHooks": [],
      "afterHooks": [],
      "tests": [],
      "suites": [
        {
          "uuid": "6dec2f48-bac5-474f-a029-167f53b4d3dd",
          "title": "Login User",
          "fullFile": "",
          "file": "",
          "beforeHooks": [],
          "afterHooks": [],
          "tests": [
            {
              "title": "Validate user registered can be login",
              "fullTitle": "Login User Validate user registered can be login",
              "timedOut": null,
              "duration": 7911,
              "state": "passed",
              "speed": "medium",
              "pass": true,
              "fail": false,
              "pending": false,
              "context": null,
              "code": "cy.goToWebSite();\ncy.goToSignupLogin();\n_LoginPage.default.inputLoginEmailAddress(data.email);\n_LoginPage.default.inputLoginPassword(data.password);\n_LoginPage.default.clickLoginButton();\ncy.contains(\"Logged in as \" + data.name); //Verify that the user register is logged\ncy.url().should('eq', 'https://automationexercise.com/');",
              "err": {},
              "uuid": "c66a47c5-ab90-4a25-949f-73c2d85f4453",
              "parentUUID": "6dec2f48-bac5-474f-a029-167f53b4d3dd",
              "isHook": false,
              "skipped": false
            }
          ],
          "suites": [],
          "passes": [
            "c66a47c5-ab90-4a25-949f-73c2d85f4453"
          ],
          "failures": [],
          "pending": [],
          "skipped": [],
          "duration": 7911,
          "root": false,
          "rootEmpty": false,
          "_timeout": 2000
        }
      ],
      "passes": [],
      "failures": [],
      "pending": [],
      "skipped": [],
      "duration": 0,
      "root": true,
      "rootEmpty": true,
      "_timeout": 2000
    }
  ],
  "meta": {
    "mocha": {
      "version": "7.0.1"
    },
    "mochawesome": {
      "options": {
        "quiet": false,
        "reportFilename": "mochawesome",
        "saveHtml": false,
        "saveJson": true,
        "consoleReporter": "spec",
        "useInlineDiffs": false,
        "code": true
      },
      "version": "7.1.3"
    },
    "marge": {
      "options": {
        "id": "default",
        "reportDir": "cypress/reports/mocha",
        "quite": true,
        "overwrite": false,
        "html": false,
        "json": true
      },
      "version": "6.2.0"
    }
  }
}